
> vibe-generated-app@1.0.0 dev
> vite


  VITE v5.4.20  ready in 264 ms

  ➜  Local:   http://localhost:3000/
  ➜  Network: http://172.20.6.104:3000/
6:33:29 PM [vite] Pre-transform error: Failed to resolve import "@radix-ui/react-icons" from "src/components/Footer.jsx". Does the file exist?
6:33:30 PM [vite] Internal server error: Failed to resolve import "@radix-ui/react-icons" from "src/components/Footer.jsx". Does the file exist?
  Plugin: vite:import-analysis
  File: /home/workspace/src/components/Footer.jsx:1:32
  1  |  import { jsxDEV } from "react/jsx-dev-runtime";
  2  |  import { DiscordLogoIcon } from "@radix-ui/react-icons";
     |                                   ^
  3  |  import { Instagram, Twitter } from "lucide-react";
  4  |  export default function Footer() {
      at TransformPluginContext._formatError (file:///home/workspace/node_modules/vite/dist/node/chunks/dep-D_zLpgQd.js:49258:41)
      at TransformPluginContext.error (file:///home/workspace/node_modules/vite/dist/node/chunks/dep-D_zLpgQd.js:49253:16)
      at normalizeUrl (file:///home/workspace/node_modules/vite/dist/node/chunks/dep-D_zLpgQd.js:64306:23)
      at process.processTicksAndRejections (node:internal/process/task_queues:105:5)
      at async file:///home/workspace/node_modules/vite/dist/node/chunks/dep-D_zLpgQd.js:64438:39
      at async Promise.all (index 1)
      at async TransformPluginContext.transform (file:///home/workspace/node_modules/vite/dist/node/chunks/dep-D_zLpgQd.js:64365:7)
      at async PluginContainer.transform (file:///home/workspace/node_modules/vite/dist/node/chunks/dep-D_zLpgQd.js:49099:18)
      at async loadAndTransform (file:///home/workspace/node_modules/vite/dist/node/chunks/dep-D_zLpgQd.js:51977:27)
      at async viteTransformMiddleware (file:///home/workspace/node_modules/vite/dist/node/chunks/dep-D_zLpgQd.js:62105:24)
6:33:31 PM [vite] Internal server error: Failed to resolve import "@radix-ui/react-icons" from "src/components/Footer.jsx". Does the file exist?
  Plugin: vite:import-analysis
  File: /home/workspace/src/components/Footer.jsx:1:32
  1  |  import { jsxDEV } from "react/jsx-dev-runtime";
  2  |  import { DiscordLogoIcon } from "@radix-ui/react-icons";
     |                                   ^
  3  |  import { Instagram, Twitter } from "lucide-react";
  4  |  export default function Footer() {
      at TransformPluginContext._formatError (file:///home/workspace/node_modules/vite/dist/node/chunks/dep-D_zLpgQd.js:49258:41)
      at TransformPluginContext.error (file:///home/workspace/node_modules/vite/dist/node/chunks/dep-D_zLpgQd.js:49253:16)
      at normalizeUrl (file:///home/workspace/node_modules/vite/dist/node/chunks/dep-D_zLpgQd.js:64306:23)
      at process.processTicksAndRejections (node:internal/process/task_queues:105:5)
      at async file:///home/workspace/node_modules/vite/dist/node/chunks/dep-D_zLpgQd.js:64438:39
      at async Promise.all (index 1)
      at async TransformPluginContext.transform (file:///home/workspace/node_modules/vite/dist/node/chunks/dep-D_zLpgQd.js:64365:7)
      at async PluginContainer.transform (file:///home/workspace/node_modules/vite/dist/node/chunks/dep-D_zLpgQd.js:49099:18)
      at async loadAndTransform (file:///home/workspace/node_modules/vite/dist/node/chunks/dep-D_zLpgQd.js:51977:27)
      at async viteTransformMiddleware (file:///home/workspace/node_modules/vite/dist/node/chunks/dep-D_zLpgQd.js:62105:24)
6:33:49 PM [vite] Internal server error: Failed to resolve import "@radix-ui/react-icons" from "src/components/Footer.jsx". Does the file exist?
  Plugin: vite:import-analysis
  File: /home/workspace/src/components/Footer.jsx:1:32
  1  |  import { jsxDEV } from "react/jsx-dev-runtime";
  2  |  import { DiscordLogoIcon } from "@radix-ui/react-icons";
     |                                   ^
  3  |  import { Instagram, Twitter } from "lucide-react";
  4  |  export default function Footer() {
      at TransformPluginContext._formatError (file:///home/workspace/node_modules/vite/dist/node/chunks/dep-D_zLpgQd.js:49258:41)
      at TransformPluginContext.error (file:///home/workspace/node_modules/vite/dist/node/chunks/dep-D_zLpgQd.js:49253:16)
      at normalizeUrl (file:///home/workspace/node_modules/vite/dist/node/chunks/dep-D_zLpgQd.js:64306:23)
      at process.processTicksAndRejections (node:internal/process/task_queues:105:5)
      at async file:///home/workspace/node_modules/vite/dist/node/chunks/dep-D_zLpgQd.js:64438:39
      at async Promise.all (index 1)
      at async TransformPluginContext.transform (file:///home/workspace/node_modules/vite/dist/node/chunks/dep-D_zLpgQd.js:64365:7)
      at async PluginContainer.transform (file:///home/workspace/node_modules/vite/dist/node/chunks/dep-D_zLpgQd.js:49099:18)
      at async loadAndTransform (file:///home/workspace/node_modules/vite/dist/node/chunks/dep-D_zLpgQd.js:51977:27)
      at async viteTransformMiddleware (file:///home/workspace/node_modules/vite/dist/node/chunks/dep-D_zLpgQd.js:62105:24)
